<?xml version="1.0" encoding="UTF-8"?>
<!-- Generated by org.testng.reporters.JUnitXMLReporter -->
<testsuite hostname="LAPTOP-B574IVM6" ignored="0" name="validateDisplayDropdown" tests="3" failures="0" timestamp="2020-11-10T00:47:27 IST" time="97.452" errors="0">
  <testcase name="notePrice" time="25.832" classname="display.DisplayDropdown"/>
  <testcase name="notePrice" time="20.142" classname="display.DisplayDropdown"/>
  <testcase name="notePrice" time="22.48" classname="display.DisplayDropdown"/>
</testsuite> <!-- validateDisplayDropdown -->
